\BOOKMARK [0][-]{dummy.1}{\376\377\000A\000b\000s\000t\000r\000a\000c\000t}{}% 1
\BOOKMARK [0][-]{dummy.2}{\376\377\000C\000o\000n\000t\000e\000n\000t\000s}{}% 2
\BOOKMARK [0][-]{dummy.4}{\376\377\000L\000i\000s\000t\000\040\000o\000f\000\040\000F\000i\000g\000u\000r\000e\000s}{}% 3
\BOOKMARK [0][-]{chapter.8}{\376\377\0001\000\040\000I\000n\000t\000r\000o\000d\000u\000c\000t\000i\000o\000n}{}% 4
\BOOKMARK [1][-]{section.9}{\376\377\0001\000.\0001\000\040\000A\000b\000o\000u\000t\000\040\000r\000e\000c\000o\000m\000m\000e\000n\000d\000a\000t\000i\000o\000n\000\040\000e\000n\000g\000i\000n\000e\000\040\000i\000n\000d\000u\000s\000t\000r\000y\000:}{chapter.8}% 5
\BOOKMARK [1][-]{section.10}{\376\377\0001\000.\0002\000\040\000A\000b\000o\000u\000t\000\040\000t\000h\000e\000\040\000c\000o\000m\000p\000a\000n\000y\000\040\000a\000n\000d\000\040\000i\000t\000s\000\040\000p\000r\000o\000d\000u\000c\000t\000:}{chapter.8}% 6
\BOOKMARK [2][-]{subsection.11}{\376\377\0001\000.\0002\000.\0001\000\040\000F\000e\000a\000t\000u\000r\000e\000s}{section.10}% 7
\BOOKMARK [2][-]{subsection.12}{\376\377\0001\000.\0002\000.\0002\000\040\000A\000d\000v\000a\000n\000t\000a\000g\000e\000s}{section.10}% 8
\BOOKMARK [2][-]{subsection.13}{\376\377\0001\000.\0002\000.\0003\000\040\000R\000e\000t\000u\000r\000n\000s\000\040\000f\000o\000r\000\040\000t\000h\000e\000\040\000c\000u\000s\000t\000o\000m\000e\000r}{section.10}% 9
\BOOKMARK [1][-]{section.14}{\376\377\0001\000.\0003\000\040\000D\000e\000t\000a\000i\000l\000s\000\040\000a\000b\000o\000u\000t\000\040\000m\000a\000j\000o\000r\000\040\000t\000h\000e\000s\000i\000s\000\040\000a\000n\000d\000\040\000i\000t\000s\000\040\000r\000e\000l\000e\000v\000a\000n\000c\000e}{chapter.8}% 10
\BOOKMARK [1][-]{section.15}{\376\377\0001\000.\0004\000\040\000C\000u\000r\000r\000e\000n\000t\000\040\000p\000h\000a\000s\000e\000\040\000i\000n\000\040\000i\000n\000n\000o\000v\000a\000t\000i\000o\000n\000\040\000p\000r\000o\000c\000e\000s\000s}{chapter.8}% 11
\BOOKMARK [2][-]{subsection.16}{\376\377\0001\000.\0004\000.\0001\000\040\000V\000o\000i\000c\000e\000\040\000o\000f\000\040\000t\000h\000e\000\040\000c\000u\000s\000t\000o\000m\000e\000r}{section.15}% 12
\BOOKMARK [1][-]{section.19}{\376\377\0001\000.\0005\000\040\000F\000r\000a\000m\000i\000n\000g\000\040\000o\000f\000\040\000b\000u\000s\000i\000n\000e\000s\000s\000\040\000r\000e\000s\000e\000a\000r\000c\000h\000\040\000q\000u\000e\000s\000t\000i\000o\000n\000\040\000i\000n\000\040\000t\000h\000e\000\040\000g\000i\000v\000e\000n\000\040\000c\000o\000n\000t\000e\000x\000t}{chapter.8}% 13
\BOOKMARK [0][-]{chapter.20}{\376\377\0002\000\040\000L\000i\000t\000e\000r\000a\000t\000u\000r\000e\000\040\000S\000t\000u\000d\000y}{}% 14
\BOOKMARK [1][-]{section.21}{\376\377\0002\000.\0001\000\040\000B\000a\000c\000k\000g\000r\000o\000u\000n\000d}{chapter.20}% 15
\BOOKMARK [1][-]{section.22}{\376\377\0002\000.\0002\000\040\000N\000e\000e\000d\000\040\000f\000o\000r\000\040\000m\000o\000v\000i\000e\000\040\000r\000e\000c\000o\000m\000m\000e\000n\000d\000a\000t\000i\000o\000n\000s}{chapter.20}% 16
\BOOKMARK [1][-]{section.23}{\376\377\0002\000.\0003\000\040\000S\000t\000a\000t\000e\000\040\000o\000f\000\040\000t\000h\000e\000\040\000a\000r\000t\000\040\000m\000o\000v\000i\000e\000\040\000r\000e\000c\000o\000m\000m\000e\000n\000d\000a\000t\000i\000o\000n\000\040\000e\000n\000g\000i\000n\000e}{chapter.20}% 17
\BOOKMARK [1][-]{section.24}{\376\377\0002\000.\0004\000\040\000A\000b\000o\000u\000t\000\040\000o\000u\000r\000\040\000c\000o\000m\000p\000e\000t\000i\000t\000o\000r\000s}{chapter.20}% 18
\BOOKMARK [1][-]{section.27}{\376\377\0002\000.\0005\000\040\000C\000o\000m\000p\000e\000t\000i\000t\000i\000v\000e\000\040\000a\000d\000v\000a\000n\000t\000a\000g\000e\000\040\000a\000n\000d\000\040\000t\000e\000c\000h\000n\000o\000l\000o\000g\000i\000c\000a\000l\000\040\000d\000i\000f\000f\000e\000r\000e\000n\000t\000i\000a\000t\000i\000o\000n}{chapter.20}% 19
\BOOKMARK [1][-]{section.28}{\376\377\0002\000.\0006\000\040\000I\000n\000f\000o\000r\000m\000a\000t\000i\000o\000n\000\040\000a\000b\000o\000u\000t\000\040\000V\000i\000o\000n\000e\000l\000'\000s\000\040\000c\000o\000m\000p\000e\000t\000i\000t\000o\000r\000s}{chapter.20}% 20
\BOOKMARK [2][-]{subsection.29}{\376\377\0002\000.\0006\000.\0001\000\040\000I\000n\000t\000e\000r\000n\000e\000t\000\040\000M\000o\000v\000i\000e\000\040\000D\000a\000t\000a\000b\000a\000s\000e\000\040\000I\000n\000c\000.\000\040\000\050\000I\000M\000D\000B\000\051}{section.28}% 21
\BOOKMARK [3][-]{subsubsection.30}{\376\377\0002\000.\0006\000.\0001\000.\0001\000\040\000D\000i\000f\000f\000e\000r\000e\000n\000t\000i\000a\000t\000i\000n\000g\000\040\000f\000e\000a\000t\000u\000r\000e\000s}{subsection.29}% 22
\BOOKMARK [3][-]{subsubsection.31}{\376\377\0002\000.\0006\000.\0001\000.\0002\000\040\000R\000e\000v\000e\000n\000u\000e\000\040\000m\000o\000d\000e\000l}{subsection.29}% 23
\BOOKMARK [3][-]{subsubsection.32}{\376\377\0002\000.\0006\000.\0001\000.\0003\000\040\000I\000n\000f\000o\000r\000m\000a\000t\000i\000o\000n\000\040\000a\000b\000o\000u\000t\000\040\000p\000a\000r\000t\000n\000e\000r\000s}{subsection.29}% 24
\BOOKMARK [3][-]{subsubsection.33}{\376\377\0002\000.\0006\000.\0001\000.\0004\000\040\000S\000h\000o\000r\000t\000c\000o\000m\000i\000n\000g\000s\000\040\000a\000n\000d\000\040\000p\000r\000o\000b\000l\000e\000m\000s\000\040\000i\000n\000\040\000r\000e\000c\000o\000m\000m\000e\000n\000d\000a\000t\000i\000o\000n\000\040\000a\000l\000g\000o\000r\000i\000t\000h\000m\000\040}{subsection.29}% 25
\BOOKMARK [2][-]{subsection.34}{\376\377\0002\000.\0006\000.\0002\000\040\000F\000a\000n\000d\000a\000n\000g\000o\000\040\000I\000n\000c}{section.28}% 26
\BOOKMARK [3][-]{subsubsection.35}{\376\377\0002\000.\0006\000.\0002\000.\0001\000\040\000D\000i\000f\000f\000e\000r\000e\000n\000t\000i\000a\000t\000i\000n\000g\000\040\000f\000e\000a\000t\000u\000r\000e\000s}{subsection.34}% 27
\BOOKMARK [3][-]{subsubsection.36}{\376\377\0002\000.\0006\000.\0002\000.\0002\000\040\000R\000e\000v\000e\000n\000u\000e\000\040\000m\000o\000d\000e\000l}{subsection.34}% 28
\BOOKMARK [3][-]{subsubsection.37}{\376\377\0002\000.\0006\000.\0002\000.\0003\000\040\000P\000a\000r\000t\000n\000e\000r\000s\000\040\000i\000n\000f\000o\000r\000m\000a\000t\000i\000o\000n}{subsection.34}% 29
\BOOKMARK [3][-]{subsubsection.38}{\376\377\0002\000.\0006\000.\0002\000.\0004\000\040\000S\000h\000o\000r\000t\000c\000o\000m\000i\000n\000g\000s\000\040\000a\000n\000d\000\040\000p\000r\000o\000b\000l\000e\000m\000s\000\040\000i\000n\000\040\000r\000e\000c\000o\000m\000m\000e\000n\000d\000a\000t\000i\000o\000n\000\040\000a\000l\000g\000o\000r\000i\000t\000h\000m\000\040}{subsection.34}% 30
\BOOKMARK [2][-]{subsection.39}{\376\377\0002\000.\0006\000.\0003\000\040\000J\000i\000n\000n\000i\000\040\000I\000n\000c}{section.28}% 31
\BOOKMARK [3][-]{subsubsection.40}{\376\377\0002\000.\0006\000.\0003\000.\0001\000\040\000D\000i\000f\000f\000e\000r\000e\000n\000t\000i\000a\000t\000i\000n\000g\000\040\000f\000e\000a\000t\000u\000r\000e\000s}{subsection.39}% 32
\BOOKMARK [3][-]{subsubsection.41}{\376\377\0002\000.\0006\000.\0003\000.\0002\000\040\000R\000e\000v\000e\000n\000u\000e\000\040\000m\000o\000d\000e\000l}{subsection.39}% 33
\BOOKMARK [3][-]{subsubsection.42}{\376\377\0002\000.\0006\000.\0003\000.\0003\000\040\000P\000a\000r\000t\000n\000e\000r\000s\000\040\000i\000n\000f\000o\000r\000m\000a\000t\000i\000o\000n}{subsection.39}% 34
\BOOKMARK [3][-]{subsubsection.43}{\376\377\0002\000.\0006\000.\0003\000.\0004\000\040\000S\000h\000o\000r\000t\000c\000o\000m\000i\000n\000g\000s\000\040\000a\000n\000d\000\040\000p\000r\000o\000b\000l\000e\000m\000s\000\040\000i\000n\000\040\000r\000e\000c\000o\000m\000m\000e\000n\000d\000a\000t\000i\000o\000n\000\040\000a\000l\000g\000o\000r\000i\000t\000h\000m\000\040}{subsection.39}% 35
\BOOKMARK [2][-]{subsection.44}{\376\377\0002\000.\0006\000.\0004\000\040\000A\000\040\000g\000o\000o\000d\000\040\000m\000o\000v\000i\000e\000\040\000t\000o\000\040\000w\000a\000t\000c\000h\000\040}{section.28}% 36
\BOOKMARK [3][-]{subsubsection.45}{\376\377\0002\000.\0006\000.\0004\000.\0001\000\040\000D\000i\000f\000f\000e\000r\000e\000n\000t\000i\000a\000t\000i\000n\000g\000\040\000f\000e\000a\000t\000u\000r\000e\000s}{subsection.44}% 37
\BOOKMARK [3][-]{subsubsection.46}{\376\377\0002\000.\0006\000.\0004\000.\0002\000\040\000S\000h\000o\000r\000t\000c\000o\000m\000i\000n\000g\000s\000\040\000a\000n\000d\000\040\000p\000r\000o\000b\000l\000e\000m\000s\000\040\000i\000n\000\040\000r\000e\000c\000o\000m\000m\000e\000n\000d\000a\000t\000i\000o\000n\000\040\000a\000l\000g\000o\000r\000i\000t\000h\000m\000\040}{subsection.44}% 38
\BOOKMARK [2][-]{subsection.47}{\376\377\0002\000.\0006\000.\0005\000\040\000F\000o\000u\000n\000d\000d\000\040\000I\000n\000c}{section.28}% 39
\BOOKMARK [3][-]{subsubsection.48}{\376\377\0002\000.\0006\000.\0005\000.\0001\000\040\000D\000i\000f\000f\000e\000r\000e\000n\000t\000i\000a\000t\000i\000n\000g\000\040\000f\000e\000a\000t\000u\000r\000e\000s}{subsection.47}% 40
\BOOKMARK [3][-]{subsubsection.49}{\376\377\0002\000.\0006\000.\0005\000.\0002\000\040\000S\000h\000o\000r\000t\000c\000o\000m\000i\000n\000g\000s\000\040\000a\000n\000d\000\040\000p\000r\000o\000b\000l\000e\000m\000s\000\040\000i\000n\000\040\000r\000e\000c\000o\000m\000m\000e\000n\000d\000a\000t\000i\000o\000n\000\040\000a\000l\000g\000o\000r\000i\000t\000h\000m}{subsection.47}% 41
\BOOKMARK [0][-]{chapter.50}{\376\377\0003\000\040\000A\000c\000h\000i\000e\000v\000i\000n\000g\000\040\000s\000u\000s\000t\000a\000i\000n\000a\000b\000l\000e\000\040\000c\000o\000m\000p\000e\000t\000i\000t\000i\000v\000e\000\040\000a\000d\000v\000a\000n\000t\000a\000g\000e}{}% 42
\BOOKMARK [1][-]{section.51}{\376\377\0003\000.\0001\000\040\000C\000o\000m\000p\000a\000r\000a\000t\000i\000v\000e\000\040\000a\000n\000a\000l\000y\000s\000i\000s}{chapter.50}% 43
\BOOKMARK [2][-]{subsection.52}{\376\377\0003\000.\0001\000.\0001\000\040\000C\000o\000m\000p\000a\000r\000i\000s\000o\000n\000\040\000o\000f\000\040\000f\000e\000a\000t\000u\000r\000e\000s}{section.51}% 44
\BOOKMARK [2][-]{subsection.54}{\376\377\0003\000.\0001\000.\0002\000\040\000C\000o\000m\000p\000a\000r\000i\000s\000o\000n\000\040\000w\000i\000t\000h\000\040\000s\000t\000a\000t\000e\000\040\000o\000f\000\040\000t\000h\000e\000\040\000a\000r\000t}{section.51}% 45
\BOOKMARK [1][-]{section.55}{\376\377\0003\000.\0002\000\040\000C\000h\000a\000l\000l\000e\000n\000g\000e\000s\000\040\000f\000o\000r\000\040\000a\000t\000t\000a\000i\000n\000i\000n\000g\000\040\000c\000o\000m\000p\000e\000t\000i\000t\000i\000v\000e\000\040\000e\000d\000g\000e}{chapter.50}% 46
\BOOKMARK [1][-]{section.56}{\376\377\0003\000.\0003\000\040\000C\000h\000a\000n\000g\000e\000s\000\040\000n\000e\000e\000d\000e\000d\000\040\000t\000o\000\040\000f\000a\000c\000e\000\040\000t\000h\000e\000\040\000c\000h\000a\000l\000l\000e\000n\000g\000e}{chapter.50}% 47
\BOOKMARK [2][-]{subsection.57}{\376\377\0003\000.\0003\000.\0001\000\040\000B\000u\000s\000i\000n\000e\000s\000s\000\040\000r\000e\000l\000a\000t\000e\000d\000\040\000c\000h\000a\000n\000g\000e\000s}{section.56}% 48
\BOOKMARK [2][-]{subsection.59}{\376\377\0003\000.\0003\000.\0002\000\040\000T\000e\000c\000h\000n\000i\000c\000a\000l\000\040\000c\000h\000a\000n\000g\000e\000s\000\040\000t\000o\000\040\000i\000n\000c\000r\000e\000a\000s\000e\000\040\000u\000n\000i\000q\000u\000e\000n\000e\000s\000s}{section.56}% 49
\BOOKMARK [1][-]{section.60}{\376\377\0003\000.\0004\000\040\000T\000e\000a\000m\000s\000\040\000r\000o\000l\000e\000\040\000i\000n\000\040\000a\000t\000t\000a\000i\000n\000i\000n\000g\000\040\000c\000o\000m\000p\000e\000t\000i\000t\000i\000v\000e\000\040\000e\000d\000g\000e}{chapter.50}% 50
\BOOKMARK [1][-]{section.61}{\376\377\0003\000.\0005\000\040\000C\000o\000n\000t\000r\000i\000b\000u\000t\000i\000o\000n\000\040\000f\000r\000o\000m\000\040\000i\000n\000t\000e\000r\000n\000s\000h\000i\000p\000\040\000w\000o\000r\000k}{chapter.50}% 51
\BOOKMARK [1][-]{section.62}{\376\377\0003\000.\0006\000\040\000C\000o\000n\000c\000l\000u\000s\000i\000o\000n}{chapter.50}% 52
\BOOKMARK [0][-]{dummy.63}{\376\377\000B\000i\000b\000l\000i\000o\000g\000r\000a\000p\000h\000y}{}% 53
